#
# There is insufficient memory for the Java Runtime Environment to continue.
# Native memory allocation (mmap) failed to map 266338304 bytes for G1 virtual space
# Possible reasons:
#   The system is out of physical RAM or swap space
#   The process is running with CompressedOops enabled, and the Java Heap may be blocking the growth of the native heap
# Possible solutions:
#   Reduce memory load on the system
#   Increase physical memory or swap space
#   Check if swap backing store is full
#   Decrease Java heap size (-Xmx/-Xms)
#   Decrease number of Java threads
#   Decrease Java thread stack sizes (-Xss)
#   Set larger code cache with -XX:ReservedCodeCacheSize=
#   JVM is running with Zero Based Compressed Oops mode in which the Java heap is
#     placed in the first 32GB address space. The Java Heap base address is the
#     maximum limit for the native heap growth. Please use -XX:HeapBaseMinAddress
#     to set the Java Heap base and to place the Java Heap above 32GB virtual address.
# This output file may be truncated or incomplete.
#
#  Out of Memory Error (os_windows.cpp:3613), pid=19104, tid=17864
#
# JRE version:  (17.0.10+7) (build )
# Java VM: OpenJDK 64-Bit Server VM (17.0.10+7-LTS, mixed mode, sharing, tiered, compressed oops, compressed class ptrs, g1 gc, windows-amd64)
# No core dump will be written. Minidumps are not enabled by default on client versions of Windows
#

---------------  S U M M A R Y ------------

Command Line: -javaagent:C:\Program Files\JetBrains\IntelliJ IDEA 2023.3.5\lib\idea_rt.jar=53246:C:\Program Files\JetBrains\IntelliJ IDEA 2023.3.5\bin -Dfile.encoding=UTF-8 client.Main

Host: Intel(R) Core(TM) i5-10210U CPU @ 1.60GHz, 8 cores, 15G,  Windows 11 , 64 bit Build 22621 (10.0.22621.3358)
Time: Tue Apr 16 17:53:09 2024  Windows 11 , 64 bit Build 22621 (10.0.22621.3358) elapsed time: 0.028909 seconds (0d 0h 0m 0s)

---------------  T H R E A D  ---------------

Current thread (0x000002507dfca450):  JavaThread "Unknown thread" [_thread_in_vm, id=17864, stack(0x0000005b85200000,0x0000005b85300000)]

Stack: [0x0000005b85200000,0x0000005b85300000]
Native frames: (J=compiled Java code, j=interpreted, Vv=VM code, C=native code)
V  [jvm.dll+0x67d2c9]
V  [jvm.dll+0x834b1a]
V  [jvm.dll+0x8365de]
V  [jvm.dll+0x836c43]
V  [jvm.dll+0x2477ff]
V  [jvm.dll+0x67a109]
V  [jvm.dll+0x66eb7a]
V  [jvm.dll+0x30764b]
V  [jvm.dll+0x30eaf6]
V  [jvm.dll+0x35e83e]
V  [jvm.dll+0x35ea6f]
V  [jvm.dll+0x2de248]
V  [jvm.dll+0x2df1b4]
V  [jvm.dll+0x806381]
V  [jvm.dll+0x36c6f1]
V  [jvm.dll+0x7e4e26]
V  [jvm.dll+0x3eff3f]
V  [jvm.dll+0x3f1b71]
C  [jli.dll+0x528f]
C  [ucrtbase.dll+0x29333]
C  [KERNEL32.DLL+0x1257d]
C  [ntdll.dll+0x5aa48]


---------------  P R O C E S S  ---------------

Threads class SMR info:
_java_thread_list=0x00007ffe7b1aee98, length=0, elements={
}

Java Threads: ( => current thread )

Other Threads:
  0x000002507e037410 GCTaskThread "GC Thread#0" [stack: 0x0000005b85300000,0x0000005b85400000] [id=12440]
  0x000002507e048030 ConcurrentGCThread "G1 Main Marker" [stack: 0x0000005b85400000,0x0000005b85500000] [id=15824]
  0x000002507e048e60 ConcurrentGCThread "G1 Conc#0" [stack: 0x0000005b85500000,0x0000005b85600000] [id=14128]

[error occurred during error reporting (printing all threads), id 0xc0000005, EXCEPTION_ACCESS_VIOLATION (0xc0000005) at pc=0x00007ffe7a96ec87]

VM state: not at safepoint (not fully initialized)

VM Mutex/Monitor currently owned by a thread:  ([mutex/lock_event])
[0x000002507dfc49f0] Heap_lock - owner thread: 0x000002507dfca450

Heap address: 0x0000000703200000, size: 4046 MB, Compressed Oops mode: Zero based, Oop shift amount: 3

CDS archive(s) mapped at: [0x0000000000000000-0x0000000000000000-0x0000000000000000), size 0, SharedBaseAddress: 0x0000000800000000, ArchiveRelocationMode: 1.
Narrow klass base: 0x0000000000000000, Narrow klass shift: 0, Narrow klass range: 0x0

GC Precious Log:
<Empty>

Heap:
 garbage-first heap   total 0K, used 0K [0x0000000703200000, 0x0000000800000000)
  region size 2048K, 0 young (0K), 0 survivors (0K)

[error occurred during error reporting (printing heap information), id 0xc0000005, EXCEPTION_ACCESS_VIOLATION (0xc0000005) at pc=0x00007ffe7ad56fb9]

GC Heap History (0 events):
No events

Dll operation events (1 events):
Event: 0.021 Loaded shared library C:\Program Files\Amazon Corretto\jdk17.0.10_7\bin\java.dll

Deoptimization events (0 events):
No events

Classes unloaded (0 events):
No events

Classes redefined (0 events):
No events

Internal exceptions (0 events):
No events

VM Operations (0 events):
No events

Events (0 events):
No events


Dynamic libraries:
0x00007ff62bda0000 - 0x00007ff62bdae000 	C:\Program Files\Amazon Corretto\jdk17.0.10_7\bin\java.exe
0x00007ffed42f0000 - 0x00007ffed4507000 	C:\WINDOWS\SYSTEM32\ntdll.dll
0x00007ffed37e0000 - 0x00007ffed38a4000 	C:\WINDOWS\System32\KERNEL32.DLL
0x00007ffed1bb0000 - 0x00007ffed1f57000 	C:\WINDOWS\System32\KERNELBASE.dll
0x00007ffecb420000 - 0x00007ffecb4b7000 	C:\WINDOWS\SYSTEM32\apphelp.dll
0x00007ffed1610000 - 0x00007ffed1721000 	C:\WINDOWS\System32\ucrtbase.dll
0x00007ffec9120000 - 0x00007ffec9137000 	C:\Program Files\Amazon Corretto\jdk17.0.10_7\bin\jli.dll
0x00007ffed3d10000 - 0x00007ffed3ebe000 	C:\WINDOWS\System32\USER32.dll
0x00007ffec5a70000 - 0x00007ffec5a8b000 	C:\Program Files\Amazon Corretto\jdk17.0.10_7\bin\VCRUNTIME140.dll
0x00007ffed18c0000 - 0x00007ffed18e6000 	C:\WINDOWS\System32\win32u.dll
0x00007ffebe3b0000 - 0x00007ffebe643000 	C:\WINDOWS\WinSxS\amd64_microsoft.windows.common-controls_6595b64144ccf1df_6.0.22621.3139_none_270f19e5738675cb\COMCTL32.dll
0x00007ffed2bb0000 - 0x00007ffed2bd9000 	C:\WINDOWS\System32\GDI32.dll
0x00007ffed3ff0000 - 0x00007ffed4097000 	C:\WINDOWS\System32\msvcrt.dll
0x00007ffed17a0000 - 0x00007ffed18b9000 	C:\WINDOWS\System32\gdi32full.dll
0x00007ffed1970000 - 0x00007ffed1a0a000 	C:\WINDOWS\System32\msvcp_win.dll
0x00007ffed40a0000 - 0x00007ffed40d1000 	C:\WINDOWS\System32\IMM32.DLL
0x00007ffec9670000 - 0x00007ffec967c000 	C:\Program Files\Amazon Corretto\jdk17.0.10_7\bin\vcruntime140_1.dll
0x00007ffebc450000 - 0x00007ffebc4dd000 	C:\Program Files\Amazon Corretto\jdk17.0.10_7\bin\msvcp140.dll
0x00007ffe7a680000 - 0x00007ffe7b2e2000 	C:\Program Files\Amazon Corretto\jdk17.0.10_7\bin\server\jvm.dll
0x00007ffed40e0000 - 0x00007ffed4192000 	C:\WINDOWS\System32\ADVAPI32.dll
0x00007ffed2ec0000 - 0x00007ffed2f68000 	C:\WINDOWS\System32\sechost.dll
0x00007ffed1a10000 - 0x00007ffed1a38000 	C:\WINDOWS\System32\bcrypt.dll
0x00007ffed3ed0000 - 0x00007ffed3fe5000 	C:\WINDOWS\System32\RPCRT4.dll
0x00007ffed0480000 - 0x00007ffed04cd000 	C:\WINDOWS\SYSTEM32\POWRPROF.dll
0x00007ffec2080000 - 0x00007ffec2089000 	C:\WINDOWS\SYSTEM32\WSOCK32.dll
0x00007ffec55a0000 - 0x00007ffec55d4000 	C:\WINDOWS\SYSTEM32\WINMM.dll
0x00007ffebdde0000 - 0x00007ffebddea000 	C:\WINDOWS\SYSTEM32\VERSION.dll
0x00007ffed2020000 - 0x00007ffed2091000 	C:\WINDOWS\System32\ws2_32.DLL
0x00007ffed0460000 - 0x00007ffed0473000 	C:\WINDOWS\SYSTEM32\UMPDC.dll
0x00007ffed0720000 - 0x00007ffed0738000 	C:\WINDOWS\SYSTEM32\kernel.appcore.dll
0x00007ffec9110000 - 0x00007ffec911a000 	C:\Program Files\Amazon Corretto\jdk17.0.10_7\bin\jimage.dll
0x00007ffecbec0000 - 0x00007ffecc0f3000 	C:\WINDOWS\SYSTEM32\DBGHELP.DLL
0x00007ffed20a0000 - 0x00007ffed2428000 	C:\WINDOWS\System32\combase.dll
0x00007ffed3c30000 - 0x00007ffed3d07000 	C:\WINDOWS\System32\OLEAUT32.dll
0x00007ffeb9510000 - 0x00007ffeb9542000 	C:\WINDOWS\SYSTEM32\dbgcore.DLL
0x00007ffed18f0000 - 0x00007ffed1969000 	C:\WINDOWS\System32\bcryptPrimitives.dll
0x00007ffec37c0000 - 0x00007ffec37ce000 	C:\Program Files\Amazon Corretto\jdk17.0.10_7\bin\instrument.dll
0x00007ffec42e0000 - 0x00007ffec4305000 	C:\Program Files\Amazon Corretto\jdk17.0.10_7\bin\java.dll

dbghelp: loaded successfully - version: 4.0.5 - missing functions: none
symbol engine: initialized successfully - sym options: 0x614 - pdb path: .;C:\Program Files\Amazon Corretto\jdk17.0.10_7\bin;C:\WINDOWS\SYSTEM32;C:\WINDOWS\WinSxS\amd64_microsoft.windows.common-controls_6595b64144ccf1df_6.0.22621.3139_none_270f19e5738675cb;C:\Program Files\Amazon Corretto\jdk17.0.10_7\bin\server

VM Arguments:
jvm_args: -javaagent:C:\Program Files\JetBrains\IntelliJ IDEA 2023.3.5\lib\idea_rt.jar=53246:C:\Program Files\JetBrains\IntelliJ IDEA 2023.3.5\bin -Dfile.encoding=UTF-8 
java_command: client.Main
java_class_path (initial): C:\Users\Rencal\Desktop\Second_prj\TinyShop\out\production\TinyShop;C:\Users\Rencal\Downloads\mysql-connector-j-8.3.0.jar
Launcher Type: SUN_STANDARD

[Global flags]
     intx CICompilerCount                          = 4                                         {product} {ergonomic}
     uint ConcGCThreads                            = 2                                         {product} {ergonomic}
     uint G1ConcRefinementThreads                  = 8                                         {product} {ergonomic}
   size_t G1HeapRegionSize                         = 2097152                                   {product} {ergonomic}
    uintx GCDrainStackTargetSize                   = 64                                        {product} {ergonomic}
   size_t InitialHeapSize                          = 266338304                                 {product} {ergonomic}
   size_t MarkStackSize                            = 4194304                                   {product} {ergonomic}
   size_t MaxHeapSize                              = 4242538496                                {product} {ergonomic}
   size_t MinHeapDeltaBytes                        = 2097152                                   {product} {ergonomic}
   size_t MinHeapSize                              = 8388608                                   {product} {ergonomic}
    uintx NonNMethodCodeHeapSize                   = 5839372                                {pd product} {ergonomic}
    uintx NonProfiledCodeHeapSize                  = 122909434                              {pd product} {ergonomic}
    uintx ProfiledCodeHeapSize                     = 122909434                              {pd product} {ergonomic}
    uintx ReservedCodeCacheSize                    = 251658240                              {pd product} {ergonomic}
     bool SegmentedCodeCache                       = true                                      {product} {ergonomic}
   size_t SoftMaxHeapSize                          = 4242538496                             {manageable} {ergonomic}
     bool UseCompressedClassPointers               = true                           {product lp64_product} {ergonomic}
     bool UseCompressedOops                        = true                           {product lp64_product} {ergonomic}
     bool UseG1GC                                  = true                                      {product} {ergonomic}
     bool UseLargePagesIndividualAllocation        = false                                  {pd product} {ergonomic}

Logging:
Log output configuration:
 #0: stdout all=warning uptime,level,tags
 #1: stderr all=off uptime,level,tags

Environment Variables:
JAVA_HOME=C:\Program Files\Amazon Corretto\jdk17.0.10_7
PATH=C:\Program Files\Amazon Corretto\jdk17.0.10_7\bin;C:\Windows\system32;C:\Windows;C:\Windows\System32\Wbem;C:\Windows\System32\WindowsPowerShell\v1.0\;C:\Windows\System32\OpenSSH\;C:\Program Files (x86)\NVIDIA Corporation\PhysX\Common;C:\Program Files\dotnet\;C:\Program Files\Amazon Corretto\jdk17.0.10_7\bin;C:\Program Files (x86)\Windows Live\Shared;C:\WINDOWS\system32;C:\WINDOWS;C:\WINDOWS\System32\Wbem;C:\WINDOWS\System32\WindowsPowerShell\v1.0\;C:\WINDOWS\System32\OpenSSH\;C:\Program Files\Amazon Corretto\jdk17.0.10_7\bin;C:\Program Files\Docker\Docker\resources\bin;C:\tools\Git\cmd;C:\Program Files\nodejs\;C:\Program Files\MySQL\MySQL Shell 8.0\bin\;C:\Users\Rencal\AppData\Local\Microsoft\WindowsApps;C:\Program Files\Bandizip\;C:\Users\Rencal\AppData\Local\Microsoft\WindowsApps;C:\Users\Rencal\AppData\Roaming\npm;C:\Users\Rencal\AppData\Local\GitHubDesktop\bin;C:\Users\Rencal\AppData\Local\atom\bin;C:\Users\Rencal\AppData\Local\Programs\Microsoft VS Code\bin
USERNAME=Rencal
OS=Windows_NT
PROCESSOR_IDENTIFIER=Intel64 Family 6 Model 142 Stepping 12, GenuineIntel
TMP=C:\Users\Rencal\AppData\Local\Temp
TEMP=C:\Users\Rencal\AppData\Local\Temp



Periodic native trim disabled


---------------  S Y S T E M  ---------------

OS:
 Windows 11 , 64 bit Build 22621 (10.0.22621.3358)
OS uptime: 4 days 8:18 hours
Hyper-V role detected

CPU: total 8 (initial active 8) (4 cores per cpu, 2 threads per core) family 6 model 142 stepping 12 microcode 0xde, cx8, cmov, fxsr, ht, mmx, 3dnowpref, sse, sse2, sse3, ssse3, sse4.1, sse4.2, popcnt, lzcnt, tsc, tscinvbit, avx, avx2, aes, erms, clmul, bmi1, bmi2, adx, fma, vzeroupper, clflush, clflushopt, hv
Processor Information for all 8 processors :
  Max Mhz: 2112, Current Mhz: 1609, Mhz Limit: 1605

Memory: 4k page, system-wide physical 16182M (2024M free)
TotalPageFile size 24374M (AvailPageFile size 77M)
current process WorkingSet (physical memory assigned to process): 12M, peak: 12M
current process commit charge ("private bytes"): 60M, peak: 314M

vm_info: OpenJDK 64-Bit Server VM (17.0.10+7-LTS) for windows-amd64 JRE (17.0.10+7-LTS), built on Jan 10 2024 22:11:07 by "Administrator" with MS VC++ 16.10 / 16.11 (VS2019)

END.
